mode: set
github.com/beck/user-service/main.go:10.13,33.24 11 0
github.com/beck/user-service/main.go:33.24,35.3 1 0
github.com/beck/user-service/main.go:37.2,37.24 1 0
github.com/beck/user-service/main.go:37.24,39.3 1 0
github.com/beck/user-service/main.go:43.2,70.99 21 0
github.com/beck/user-service/main.go:74.31,76.2 1 1
github.com/beck/user-service/main.go:79.31,81.2 1 1
github.com/beck/user-service/main.go:84.37,86.54 2 1
github.com/beck/user-service/main.go:86.54,88.3 1 1
github.com/beck/user-service/main.go:89.2,89.22 1 1
github.com/beck/user-service/main.go:93.40,94.36 1 1
github.com/beck/user-service/main.go:94.36,96.3 1 1
github.com/beck/user-service/main.go:98.2,98.22 1 1
github.com/beck/user-service/main.go:98.22,100.3 1 1
github.com/beck/user-service/main.go:102.2,102.12 1 1
github.com/beck/user-service/main.go:106.28,115.2 2 1
github.com/beck/user-service/main.go:126.55,127.42 1 1
github.com/beck/user-service/main.go:127.42,129.3 1 0
github.com/beck/user-service/main.go:130.2,130.21 1 1
github.com/beck/user-service/main.go:134.62,135.16 1 1
github.com/beck/user-service/main.go:135.16,137.3 1 1
github.com/beck/user-service/main.go:139.2,140.21 2 1
github.com/beck/user-service/main.go:144.44,146.2 1 1
github.com/beck/user-service/mock_cache.go:13.57,16.2 2 1
github.com/beck/user-service/mock_cache.go:19.71,22.2 2 1
github.com/beck/user-service/mock_cache.go:25.46,28.2 2 0
github.com/beck/user-service/mock_cache.go:31.35,34.2 2 0
github.com/beck/user-service/mock_cache.go:37.37,40.2 2 0
github.com/beck/user-service/mock_emailsender.go:15.83,18.2 2 1
github.com/beck/user-service/mock_emailsender.go:21.119,24.2 2 0
github.com/beck/user-service/mock_emailsender.go:27.60,30.2 2 1
github.com/beck/user-service/mock_fileprocessor.go:14.64,17.2 2 1
github.com/beck/user-service/mock_fileprocessor.go:20.64,23.2 2 1
github.com/beck/user-service/mock_fileprocessor.go:26.77,29.2 2 0
github.com/beck/user-service/mock_httpclient.go:14.65,17.2 2 0
github.com/beck/user-service/mock_httpclient.go:20.79,23.2 2 0
github.com/beck/user-service/mock_httpclient.go:26.78,29.2 2 0
github.com/beck/user-service/mock_httpclient.go:32.68,35.2 2 0
github.com/beck/user-service/mock_logger.go:14.39,16.2 1 1
github.com/beck/user-service/mock_logger.go:19.51,21.2 1 1
github.com/beck/user-service/mock_logger.go:24.40,26.2 1 1
github.com/beck/user-service/mock_logger.go:29.65,32.2 2 0
github.com/beck/user-service/mock_repository.go:15.82,18.2 2 1
github.com/beck/user-service/mock_repository.go:21.79,24.2 2 1
github.com/beck/user-service/mock_repository.go:27.71,30.2 2 0
github.com/beck/user-service/mock_repository.go:33.85,36.2 2 0
github.com/beck/user-service/service.go:20.117,28.2 1 1
github.com/beck/user-service/service.go:31.93,35.46 2 1
github.com/beck/user-service/service.go:35.46,38.3 2 1
github.com/beck/user-service/service.go:41.2,41.59 1 1
github.com/beck/user-service/service.go:41.59,44.3 2 0
github.com/beck/user-service/service.go:47.2,47.60 1 1
github.com/beck/user-service/service.go:47.60,50.3 1 0
github.com/beck/user-service/service.go:52.2,53.12 2 1
github.com/beck/user-service/service.go:57.83,61.49 2 1
github.com/beck/user-service/service.go:61.49,63.40 2 1
github.com/beck/user-service/service.go:63.40,65.4 1 1
github.com/beck/user-service/service.go:69.2,70.16 2 1
github.com/beck/user-service/service.go:70.16,73.3 2 0
github.com/beck/user-service/service.go:76.2,76.56 1 1
github.com/beck/user-service/service.go:76.56,79.3 1 0
github.com/beck/user-service/service.go:81.2,81.18 1 1
github.com/beck/user-service/service.go:85.76,89.51 2 0
github.com/beck/user-service/service.go:89.51,92.3 2 0
github.com/beck/user-service/service.go:95.2,95.47 1 0
github.com/beck/user-service/service.go:95.47,98.3 1 0
github.com/beck/user-service/service.go:100.2,101.12 2 0
github.com/beck/user-service/service.go:105.68,108.35 2 1
github.com/beck/user-service/service.go:108.35,110.3 1 1
github.com/beck/user-service/service.go:112.2,115.64 3 1
github.com/beck/user-service/service.go:115.64,118.3 2 0
github.com/beck/user-service/service.go:120.2,121.12 2 1
github.com/beck/user-service/service.go:125.112,128.35 2 0
github.com/beck/user-service/service.go:128.35,130.3 1 0
github.com/beck/user-service/service.go:132.2,132.90 1 0
github.com/beck/user-service/service.go:132.90,135.3 2 0
github.com/beck/user-service/service.go:137.2,138.12 2 0
github.com/beck/user-service/service.go:142.87,146.16 3 0
github.com/beck/user-service/service.go:146.16,149.3 2 0
github.com/beck/user-service/service.go:151.2,152.19 2 0
github.com/beck/user-service/service.go:156.71,162.16 4 0
github.com/beck/user-service/service.go:162.16,165.3 2 0
github.com/beck/user-service/service.go:167.2,167.28 1 0
github.com/beck/user-service/service.go:167.28,169.3 1 0
github.com/beck/user-service/service.go:172.2,178.18 3 0
github.com/beck/user-service/service.go:182.69,189.16 5 0
github.com/beck/user-service/service.go:189.16,192.3 2 0
github.com/beck/user-service/service.go:194.2,194.28 1 0
github.com/beck/user-service/service.go:194.28,196.3 1 0
github.com/beck/user-service/service.go:198.2,199.12 2 0
github.com/beck/user-service/service.go:215.74,220.2 1 1
github.com/beck/user-service/service.go:223.63,228.37 3 1
github.com/beck/user-service/service.go:228.37,229.43 1 1
github.com/beck/user-service/service.go:229.43,231.12 2 1
github.com/beck/user-service/service.go:234.3,234.60 1 1
github.com/beck/user-service/service.go:234.60,236.12 2 0
github.com/beck/user-service/service.go:239.3,239.63 1 1
github.com/beck/user-service/service.go:242.2,242.21 1 1
github.com/beck/user-service/service.go:242.21,244.3 1 1
github.com/beck/user-service/service.go:246.2,247.12 2 1
github.com/beck/user-service/service.go:251.72,254.42 2 0
github.com/beck/user-service/service.go:254.42,256.3 1 0
github.com/beck/user-service/service.go:258.2,259.16 2 0
github.com/beck/user-service/service.go:259.16,262.3 2 0
github.com/beck/user-service/service.go:264.2,264.18 1 0
