mode: set
github.com/beck/simple-calculator/calculator.go:14.45,16.2 1 1
github.com/beck/simple-calculator/calculator.go:19.48,21.2 1 1
github.com/beck/simple-calculator/calculator.go:24.53,26.2 1 1
github.com/beck/simple-calculator/calculator.go:29.53,31.2 1 1
github.com/beck/simple-calculator/calculator.go:34.60,35.12 1 1
github.com/beck/simple-calculator/calculator.go:35.12,37.3 1 1
github.com/beck/simple-calculator/calculator.go:38.2,38.19 1 1
github.com/beck/simple-calculator/calculator.go:42.50,44.2 1 0
github.com/beck/simple-calculator/calculator.go:47.55,48.11 1 0
github.com/beck/simple-calculator/calculator.go:48.11,50.3 1 0
github.com/beck/simple-calculator/calculator.go:51.2,51.26 1 0
github.com/beck/simple-calculator/calculator.go:55.39,57.2 1 1
github.com/beck/simple-calculator/calculator.go:60.25,62.2 1 1
github.com/beck/simple-calculator/calculator.go:65.36,66.11 1 1
github.com/beck/simple-calculator/calculator.go:66.11,68.3 1 1
github.com/beck/simple-calculator/calculator.go:69.2,69.22 1 1
github.com/beck/simple-calculator/calculator.go:69.22,71.3 1 1
github.com/beck/simple-calculator/calculator.go:73.2,74.26 2 1
github.com/beck/simple-calculator/calculator.go:74.26,76.3 1 1
github.com/beck/simple-calculator/calculator.go:77.2,77.20 1 1
github.com/beck/simple-calculator/calculator.go:81.27,82.12 1 0
github.com/beck/simple-calculator/calculator.go:82.12,84.3 1 0
github.com/beck/simple-calculator/calculator.go:85.2,85.12 1 0
github.com/beck/simple-calculator/calculator.go:85.12,87.3 1 0
github.com/beck/simple-calculator/calculator.go:89.2,90.26 2 0
github.com/beck/simple-calculator/calculator.go:90.26,92.3 1 0
github.com/beck/simple-calculator/calculator.go:93.2,93.10 1 0
github.com/beck/simple-calculator/calculator.go:97.26,98.12 1 0
github.com/beck/simple-calculator/calculator.go:98.12,100.3 1 0
github.com/beck/simple-calculator/calculator.go:101.2,101.12 1 0
github.com/beck/simple-calculator/calculator.go:101.12,103.3 1 0
github.com/beck/simple-calculator/calculator.go:104.2,104.26 1 0
github.com/beck/simple-calculator/calculator.go:104.26,106.3 1 0
github.com/beck/simple-calculator/calculator.go:108.2,108.31 1 0
github.com/beck/simple-calculator/calculator.go:108.31,109.31 1 0
github.com/beck/simple-calculator/calculator.go:109.31,111.4 1 0
github.com/beck/simple-calculator/calculator.go:113.2,113.13 1 0
github.com/beck/simple-calculator/calculator.go:117.32,118.11 1 0
github.com/beck/simple-calculator/calculator.go:118.11,120.3 1 0
github.com/beck/simple-calculator/calculator.go:121.2,121.10 1 0
github.com/beck/simple-calculator/calculator.go:125.32,126.11 1 0
github.com/beck/simple-calculator/calculator.go:126.11,128.3 1 0
github.com/beck/simple-calculator/calculator.go:129.2,129.10 1 0
github.com/beck/simple-calculator/calculator.go:133.29,134.11 1 0
github.com/beck/simple-calculator/calculator.go:134.11,136.3 1 0
github.com/beck/simple-calculator/calculator.go:137.2,137.10 1 0
github.com/beck/simple-calculator/calculator.go:140.13,148.16 7 0
github.com/beck/simple-calculator/calculator.go:148.16,150.3 1 0
github.com/beck/simple-calculator/calculator.go:150.8,152.3 1 0
github.com/beck/simple-calculator/calculator.go:154.2,160.43 5 0
